{"/Users/zdeckert/hrr45/fec/recipe-steps-w-video-carousel/database/config.js": {"path":"/Users/zdeckert/hrr45/fec/recipe-steps-w-video-carousel/database/config.js","statementMap":{"0":{"start":{"line":1,"column":0},"end":{"line":7,"column":2}}},"fnMap":{},"branchMap":{},"s":{"0":1},"f":{},"b":{},"_coverageSchema":"1a1c01bbd47fc00a2c39e90264f33305004495a9","hash":"a6bcfb12ed39203ed1fb3bee1378f53e9baf699a"}
,"/Users/zdeckert/hrr45/fec/recipe-steps-w-video-carousel/database/index.js": {"path":"/Users/zdeckert/hrr45/fec/recipe-steps-w-video-carousel/database/index.js","statementMap":{"0":{"start":{"line":1,"column":14},"end":{"line":1,"column":30}},"1":{"start":{"line":2,"column":20},"end":{"line":2,"column":42}},"2":{"start":{"line":4,"column":12},"end":{"line":4,"column":47}},"3":{"start":{"line":7,"column":0},"end":{"line":9,"column":2}}},"fnMap":{},"branchMap":{},"s":{"0":1,"1":1,"2":1,"3":1},"f":{},"b":{},"_coverageSchema":"1a1c01bbd47fc00a2c39e90264f33305004495a9","hash":"8358ec082e59c1fd59292f01a6d3146061cbf0e2"}
,"/Users/zdeckert/hrr45/fec/recipe-steps-w-video-carousel/server/index.js": {"path":"/Users/zdeckert/hrr45/fec/recipe-steps-w-video-carousel/server/index.js","statementMap":{"0":{"start":{"line":1,"column":16},"end":{"line":1,"column":34}},"1":{"start":{"line":2,"column":19},"end":{"line":2,"column":41}},"2":{"start":{"line":3,"column":13},"end":{"line":3,"column":28}},"3":{"start":{"line":4,"column":11},"end":{"line":4,"column":42}},"4":{"start":{"line":6,"column":12},"end":{"line":6,"column":21}},"5":{"start":{"line":8,"column":0},"end":{"line":8,"column":27}},"6":{"start":{"line":9,"column":0},"end":{"line":9,"column":73}},"7":{"start":{"line":11,"column":16},"end":{"line":18,"column":1}},"8":{"start":{"line":12,"column":2},"end":{"line":17,"column":5}},"9":{"start":{"line":13,"column":4},"end":{"line":15,"column":5}},"10":{"start":{"line":14,"column":6},"end":{"line":14,"column":55}},"11":{"start":{"line":16,"column":4},"end":{"line":16,"column":15}},"12":{"start":{"line":20,"column":0},"end":{"line":43,"column":3}},"13":{"start":{"line":21,"column":13},"end":{"line":21,"column":35}},"14":{"start":{"line":22,"column":17},"end":{"line":22,"column":19}},"15":{"start":{"line":23,"column":2},"end":{"line":23,"column":17}},"16":{"start":{"line":25,"column":20},"end":{"line":29,"column":32}},"17":{"start":{"line":30,"column":2},"end":{"line":42,"column":5}},"18":{"start":{"line":31,"column":4},"end":{"line":31,"column":33}},"19":{"start":{"line":32,"column":4},"end":{"line":32,"column":22}},"20":{"start":{"line":33,"column":4},"end":{"line":40,"column":5}},"21":{"start":{"line":33,"column":17},"end":{"line":33,"column":18}},"22":{"start":{"line":34,"column":6},"end":{"line":39,"column":8}},"23":{"start":{"line":41,"column":4},"end":{"line":41,"column":21}},"24":{"start":{"line":45,"column":0},"end":{"line":57,"column":3}},"25":{"start":{"line":46,"column":13},"end":{"line":46,"column":35}},"26":{"start":{"line":47,"column":20},"end":{"line":53,"column":50}},"27":{"start":{"line":54,"column":2},"end":{"line":56,"column":5}},"28":{"start":{"line":55,"column":4},"end":{"line":55,"column":21}},"29":{"start":{"line":59,"column":0},"end":{"line":59,"column":21}}},"fnMap":{"0":{"name":"(anonymous_0)","decl":{"start":{"line":11,"column":16},"end":{"line":11,"column":17}},"loc":{"start":{"line":11,"column":29},"end":{"line":18,"column":1}},"line":11},"1":{"name":"(anonymous_1)","decl":{"start":{"line":12,"column":20},"end":{"line":12,"column":21}},"loc":{"start":{"line":12,"column":37},"end":{"line":17,"column":3}},"line":12},"2":{"name":"(anonymous_2)","decl":{"start":{"line":20,"column":26},"end":{"line":20,"column":27}},"loc":{"start":{"line":20,"column":39},"end":{"line":43,"column":1}},"line":20},"3":{"name":"(anonymous_3)","decl":{"start":{"line":30,"column":21},"end":{"line":30,"column":22}},"loc":{"start":{"line":30,"column":33},"end":{"line":42,"column":3}},"line":30},"4":{"name":"(anonymous_4)","decl":{"start":{"line":45,"column":27},"end":{"line":45,"column":28}},"loc":{"start":{"line":45,"column":40},"end":{"line":57,"column":1}},"line":45},"5":{"name":"(anonymous_5)","decl":{"start":{"line":54,"column":21},"end":{"line":54,"column":22}},"loc":{"start":{"line":54,"column":33},"end":{"line":56,"column":3}},"line":54}},"branchMap":{"0":{"loc":{"start":{"line":13,"column":4},"end":{"line":15,"column":5}},"type":"if","locations":[{"start":{"line":13,"column":4},"end":{"line":15,"column":5}},{"start":{"line":13,"column":4},"end":{"line":15,"column":5}}],"line":13}},"s":{"0":1,"1":1,"2":1,"3":1,"4":1,"5":1,"6":1,"7":1,"8":5,"9":5,"10":0,"11":5,"12":1,"13":3,"14":3,"15":3,"16":3,"17":3,"18":3,"19":3,"20":3,"21":3,"22":39,"23":3,"24":1,"25":2,"26":2,"27":2,"28":2,"29":1},"f":{"0":5,"1":5,"2":3,"3":3,"4":2,"5":2},"b":{"0":[0,5]},"_coverageSchema":"1a1c01bbd47fc00a2c39e90264f33305004495a9","hash":"c337bd2bfd8183a872ea59b72eb6be07c610690a"}
}
